Analysis & Synthesis report for letter
<<<<<<< HEAD
Wed Nov 29 09:50:00 2023
=======
Thu Nov 23 23:28:04 2023
>>>>>>> 1048efca1d5097151a87ee8c9eb2a68491c709f7
Quartus II 64-Bit Version 13.0.0 Build 156 04/24/2013 SJ Web Edition


---------------------
; Table of Contents ;
---------------------
  1. Legal Notice
  2. Analysis & Synthesis Summary
  3. Analysis & Synthesis Settings
  4. Parallel Compilation
  5. Analysis & Synthesis Source Files Read
  6. Analysis & Synthesis Resource Usage Summary
  7. Analysis & Synthesis Resource Utilization by Entity
  8. Analysis & Synthesis IP Cores Summary
  9. Registers Removed During Synthesis
 10. General Register Statistics
<<<<<<< HEAD
 11. Multiplexer Restructuring Statistics (Restructuring Performed)
 12. Parameter Settings for User Entity Instance: clock_counter:clock_counter1|lpm_counter:LPM_COUNTER_component
 13. Port Connectivity Checks: "adder3:adder3_2"
 14. Port Connectivity Checks: "adder3:adder3_1"
 15. Port Connectivity Checks: "adder3:adder3_0|fulladder:fulladder3"
 16. Port Connectivity Checks: "adder3:adder3_0|fulladder:fulladder1"
 17. Port Connectivity Checks: "adder3:adder3_0"
 18. Port Connectivity Checks: "adder4:adder4_2"
 19. Port Connectivity Checks: "adder4:adder4_1"
 20. Port Connectivity Checks: "adder4:adder4_0|fulladder:fulladder4"
 21. Port Connectivity Checks: "adder4:adder4_0|fulladder:fulladder1"
 22. Port Connectivity Checks: "adder4:adder4_0"
 23. Port Connectivity Checks: "counter3:counter2|flipflop:flipflop3"
 24. Port Connectivity Checks: "counter3:counter2|flipflop:flipflop2"
 25. Port Connectivity Checks: "counter3:counter2|flipflop:flipflop1"
 26. Port Connectivity Checks: "counter4:counter1|flipflop:flipflop4"
 27. Port Connectivity Checks: "counter4:counter1|flipflop:flipflop3"
 28. Port Connectivity Checks: "counter4:counter1|flipflop:flipflop2"
 29. Port Connectivity Checks: "counter4:counter1|flipflop:flipflop1"
 30. Elapsed Time Per Partition
 31. Analysis & Synthesis Messages
=======
 11. Parameter Settings for User Entity Instance: clock_counter:clock_counter1|lpm_counter:LPM_COUNTER_component
 12. Port Connectivity Checks: "adder:adder3"
 13. Port Connectivity Checks: "adder:adder2"
 14. Port Connectivity Checks: "adder:adder1|fulladder:fulladder4"
 15. Port Connectivity Checks: "adder:adder1|fulladder:fulladder1"
 16. Port Connectivity Checks: "adder:adder1"
 17. Port Connectivity Checks: "counter:counter1|flipflop:flipflop4"
 18. Port Connectivity Checks: "counter:counter1|flipflop:flipflop3"
 19. Port Connectivity Checks: "counter:counter1|flipflop:flipflop2"
 20. Port Connectivity Checks: "counter:counter1|flipflop:flipflop1"
 21. Elapsed Time Per Partition
 22. Analysis & Synthesis Messages
>>>>>>> 1048efca1d5097151a87ee8c9eb2a68491c709f7



----------------
; Legal Notice ;
----------------
Copyright (C) 1991-2013 Altera Corporation
Your use of Altera Corporation's design tools, logic functions 
and other software and tools, and its AMPP partner logic 
functions, and any output files from any of the foregoing 
(including device programming or simulation files), and any 
associated documentation or information are expressly subject 
to the terms and conditions of the Altera Program License 
Subscription Agreement, Altera MegaCore Function License 
Agreement, or other applicable license agreement, including, 
without limitation, that your use is for the sole purpose of 
programming logic devices manufactured by Altera and sold by 
Altera or its authorized distributors.  Please refer to the 
applicable agreement for further details.



+---------------------------------------------------------------------------------+
; Analysis & Synthesis Summary                                                    ;
+------------------------------------+--------------------------------------------+
<<<<<<< HEAD
; Analysis & Synthesis Status        ; Successful - Wed Nov 29 09:50:00 2023      ;
=======
; Analysis & Synthesis Status        ; Successful - Thu Nov 23 23:28:04 2023      ;
>>>>>>> 1048efca1d5097151a87ee8c9eb2a68491c709f7
; Quartus II 64-Bit Version          ; 13.0.0 Build 156 04/24/2013 SJ Web Edition ;
; Revision Name                      ; letter                                     ;
; Top-level Entity Name              ; letter                                     ;
; Family                             ; Cyclone II                                 ;
<<<<<<< HEAD
; Total logic elements               ; 109                                        ;
;     Total combinational functions  ; 109                                        ;
;     Dedicated logic registers      ; 31                                         ;
; Total registers                    ; 31                                         ;
=======
; Total logic elements               ; 57                                         ;
;     Total combinational functions  ; 57                                         ;
;     Dedicated logic registers      ; 28                                         ;
; Total registers                    ; 28                                         ;
>>>>>>> 1048efca1d5097151a87ee8c9eb2a68491c709f7
; Total pins                         ; 61                                         ;
; Total virtual pins                 ; 0                                          ;
; Total memory bits                  ; 0                                          ;
; Embedded Multiplier 9-bit elements ; 0                                          ;
; Total PLLs                         ; 0                                          ;
+------------------------------------+--------------------------------------------+


+----------------------------------------------------------------------------------------------------------------------+
; Analysis & Synthesis Settings                                                                                        ;
+----------------------------------------------------------------------------+--------------------+--------------------+
; Option                                                                     ; Setting            ; Default Value      ;
+----------------------------------------------------------------------------+--------------------+--------------------+
; Device                                                                     ; EP2C20F484C7       ;                    ;
; Top-level entity name                                                      ; letter             ; letter             ;
; Family name                                                                ; Cyclone II         ; Cyclone IV GX      ;
; Use smart compilation                                                      ; Off                ; Off                ;
; Enable parallel Assembler and TimeQuest Timing Analyzer during compilation ; On                 ; On                 ;
; Enable compact report table                                                ; Off                ; Off                ;
; Restructure Multiplexers                                                   ; Auto               ; Auto               ;
; Create Debugging Nodes for IP Cores                                        ; Off                ; Off                ;
; Preserve fewer node names                                                  ; On                 ; On                 ;
; Disable OpenCore Plus hardware evaluation                                  ; Off                ; Off                ;
; Verilog Version                                                            ; Verilog_2001       ; Verilog_2001       ;
; VHDL Version                                                               ; VHDL_1993          ; VHDL_1993          ;
; State Machine Processing                                                   ; Auto               ; Auto               ;
; Safe State Machine                                                         ; Off                ; Off                ;
; Extract Verilog State Machines                                             ; On                 ; On                 ;
; Extract VHDL State Machines                                                ; On                 ; On                 ;
; Ignore Verilog initial constructs                                          ; Off                ; Off                ;
; Iteration limit for constant Verilog loops                                 ; 5000               ; 5000               ;
; Iteration limit for non-constant Verilog loops                             ; 250                ; 250                ;
; Add Pass-Through Logic to Inferred RAMs                                    ; On                 ; On                 ;
; Infer RAMs from Raw Logic                                                  ; On                 ; On                 ;
; Parallel Synthesis                                                         ; On                 ; On                 ;
; DSP Block Balancing                                                        ; Auto               ; Auto               ;
; NOT Gate Push-Back                                                         ; On                 ; On                 ;
; Power-Up Don't Care                                                        ; On                 ; On                 ;
; Remove Redundant Logic Cells                                               ; Off                ; Off                ;
; Remove Duplicate Registers                                                 ; On                 ; On                 ;
; Ignore CARRY Buffers                                                       ; Off                ; Off                ;
; Ignore CASCADE Buffers                                                     ; Off                ; Off                ;
; Ignore GLOBAL Buffers                                                      ; Off                ; Off                ;
; Ignore ROW GLOBAL Buffers                                                  ; Off                ; Off                ;
; Ignore LCELL Buffers                                                       ; Off                ; Off                ;
; Ignore SOFT Buffers                                                        ; On                 ; On                 ;
; Limit AHDL Integers to 32 Bits                                             ; Off                ; Off                ;
; Optimization Technique                                                     ; Balanced           ; Balanced           ;
; Carry Chain Length                                                         ; 70                 ; 70                 ;
; Auto Carry Chains                                                          ; On                 ; On                 ;
; Auto Open-Drain Pins                                                       ; On                 ; On                 ;
; Perform WYSIWYG Primitive Resynthesis                                      ; Off                ; Off                ;
; Auto ROM Replacement                                                       ; On                 ; On                 ;
; Auto RAM Replacement                                                       ; On                 ; On                 ;
; Auto Shift Register Replacement                                            ; Auto               ; Auto               ;
; Allow Shift Register Merging across Hierarchies                            ; Auto               ; Auto               ;
; Auto Clock Enable Replacement                                              ; On                 ; On                 ;
; Strict RAM Replacement                                                     ; Off                ; Off                ;
; Allow Synchronous Control Signals                                          ; On                 ; On                 ;
; Force Use of Synchronous Clear Signals                                     ; Off                ; Off                ;
; Auto RAM to Logic Cell Conversion                                          ; Off                ; Off                ;
; Auto Resource Sharing                                                      ; Off                ; Off                ;
; Allow Any RAM Size For Recognition                                         ; Off                ; Off                ;
; Allow Any ROM Size For Recognition                                         ; Off                ; Off                ;
; Allow Any Shift Register Size For Recognition                              ; Off                ; Off                ;
; Use LogicLock Constraints during Resource Balancing                        ; On                 ; On                 ;
; Ignore translate_off and synthesis_off directives                          ; Off                ; Off                ;
; Timing-Driven Synthesis                                                    ; Off                ; Off                ;
; Report Parameter Settings                                                  ; On                 ; On                 ;
; Report Source Assignments                                                  ; On                 ; On                 ;
; Report Connectivity Checks                                                 ; On                 ; On                 ;
; Ignore Maximum Fan-Out Assignments                                         ; Off                ; Off                ;
; Synchronization Register Chain Length                                      ; 2                  ; 2                  ;
; PowerPlay Power Optimization                                               ; Normal compilation ; Normal compilation ;
; HDL message level                                                          ; Level2             ; Level2             ;
; Suppress Register Optimization Related Messages                            ; Off                ; Off                ;
; Number of Removed Registers Reported in Synthesis Report                   ; 5000               ; 5000               ;
; Number of Swept Nodes Reported in Synthesis Report                         ; 5000               ; 5000               ;
; Number of Inverted Registers Reported in Synthesis Report                  ; 100                ; 100                ;
; Clock MUX Protection                                                       ; On                 ; On                 ;
; Auto Gated Clock Conversion                                                ; Off                ; Off                ;
; Block Design Naming                                                        ; Auto               ; Auto               ;
; SDC constraint protection                                                  ; Off                ; Off                ;
; Synthesis Effort                                                           ; Auto               ; Auto               ;
; Shift Register Replacement - Allow Asynchronous Clear Signal               ; On                 ; On                 ;
; Pre-Mapping Resynthesis Optimization                                       ; Off                ; Off                ;
; Analysis & Synthesis Message Level                                         ; Medium             ; Medium             ;
; Disable Register Merging Across Hierarchies                                ; Auto               ; Auto               ;
; Resource Aware Inference For Block RAM                                     ; On                 ; On                 ;
; Synthesis Seed                                                             ; 1                  ; 1                  ;
+----------------------------------------------------------------------------+--------------------+--------------------+


Parallel compilation was disabled, but you have multiple processors available. Enable parallel compilation to reduce compilation time.
+-------------------------------------+
; Parallel Compilation                ;
+----------------------------+--------+
; Processors                 ; Number ;
+----------------------------+--------+
; Number detected on machine ; 8      ;
; Maximum allowed            ; 1      ;
+----------------------------+--------+


+----------------------------------------------------------------------------------------------------------------------------------------------------------------------+
; Analysis & Synthesis Source Files Read                                                                                                                               ;
+----------------------------------+-----------------+------------------------------+------------------------------------------------------------------------+---------+
; File Name with User-Entered Path ; Used in Netlist ; File Type                    ; File Name with Absolute Path                                           ; Library ;
+----------------------------------+-----------------+------------------------------+------------------------------------------------------------------------+---------+
; src/adder3.vhd                   ; yes             ; User VHDL File               ; C:/dev/digital-circuits/letter-fpga/src/adder3.vhd                     ;         ;
; src/counter4.vhd                 ; yes             ; User VHDL File               ; C:/dev/digital-circuits/letter-fpga/src/counter4.vhd                   ;         ;
; src/clock_counter.vhd            ; yes             ; User Wizard-Generated File   ; C:/dev/digital-circuits/letter-fpga/src/clock_counter.vhd              ;         ;
; src/letter.vhd                   ; yes             ; User VHDL File               ; C:/dev/digital-circuits/letter-fpga/src/letter.vhd                     ;         ;
; src/mux.vhd                      ; yes             ; User VHDL File               ; C:/dev/digital-circuits/letter-fpga/src/mux.vhd                        ;         ;
; src/decodifier.vhd               ; yes             ; User VHDL File               ; C:/dev/digital-circuits/letter-fpga/src/decodifier.vhd                 ;         ;
; src/flipflop.vhd                 ; yes             ; User VHDL File               ; C:/dev/digital-circuits/letter-fpga/src/flipflop.vhd                   ;         ;
; src/fulladder.vhd                ; yes             ; User VHDL File               ; C:/dev/digital-circuits/letter-fpga/src/fulladder.vhd                  ;         ;
; src/counter3.vhd                 ; yes             ; User VHDL File               ; C:/dev/digital-circuits/letter-fpga/src/counter3.vhd                   ;         ;
; src/adder4.vhd                   ; yes             ; User VHDL File               ; C:/dev/digital-circuits/letter-fpga/src/adder4.vhd                     ;         ;
; lpm_counter.tdf                  ; yes             ; Megafunction                 ; c:/altera/13.0/quartus/libraries/megafunctions/lpm_counter.tdf         ;         ;
; lpm_constant.inc                 ; yes             ; Megafunction                 ; c:/altera/13.0/quartus/libraries/megafunctions/lpm_constant.inc        ;         ;
; lpm_decode.inc                   ; yes             ; Megafunction                 ; c:/altera/13.0/quartus/libraries/megafunctions/lpm_decode.inc          ;         ;
; lpm_add_sub.inc                  ; yes             ; Megafunction                 ; c:/altera/13.0/quartus/libraries/megafunctions/lpm_add_sub.inc         ;         ;
; cmpconst.inc                     ; yes             ; Megafunction                 ; c:/altera/13.0/quartus/libraries/megafunctions/cmpconst.inc            ;         ;
; lpm_compare.inc                  ; yes             ; Megafunction                 ; c:/altera/13.0/quartus/libraries/megafunctions/lpm_compare.inc         ;         ;
; lpm_counter.inc                  ; yes             ; Megafunction                 ; c:/altera/13.0/quartus/libraries/megafunctions/lpm_counter.inc         ;         ;
; dffeea.inc                       ; yes             ; Megafunction                 ; c:/altera/13.0/quartus/libraries/megafunctions/dffeea.inc              ;         ;
; alt_counter_stratix.inc          ; yes             ; Megafunction                 ; c:/altera/13.0/quartus/libraries/megafunctions/alt_counter_stratix.inc ;         ;
; aglobal130.inc                   ; yes             ; Megafunction                 ; c:/altera/13.0/quartus/libraries/megafunctions/aglobal130.inc          ;         ;
; db/cntr_cmh.tdf                  ; yes             ; Auto-Generated Megafunction  ; C:/dev/digital-circuits/letter-fpga/db/cntr_cmh.tdf                    ;         ;
+----------------------------------+-----------------+------------------------------+------------------------------------------------------------------------+---------+


<<<<<<< HEAD
+-----------------------------------------------------+
; Analysis & Synthesis Resource Usage Summary         ;
+---------------------------------------------+-------+
; Resource                                    ; Usage ;
+---------------------------------------------+-------+
; Estimated Total logic elements              ; 109   ;
;                                             ;       ;
; Total combinational functions               ; 109   ;
; Logic element usage by number of LUT inputs ;       ;
;     -- 4 input functions                    ; 56    ;
;     -- 3 input functions                    ; 18    ;
;     -- <=2 input functions                  ; 35    ;
;                                             ;       ;
; Logic elements by mode                      ;       ;
;     -- normal mode                          ; 86    ;
;     -- arithmetic mode                      ; 23    ;
;                                             ;       ;
; Total registers                             ; 31    ;
;     -- Dedicated logic registers            ; 31    ;
;     -- I/O registers                        ; 0     ;
;                                             ;       ;
; I/O pins                                    ; 61    ;
; Embedded Multiplier 9-bit elements          ; 0     ;
; Maximum fan-out node                        ; SW[9] ;
; Maximum fan-out                             ; 43    ;
; Total fan-out                               ; 435   ;
; Average fan-out                             ; 2.16  ;
+---------------------------------------------+-------+
=======
+-------------------------------------------------------------------------------------+
; Analysis & Synthesis Resource Usage Summary                                         ;
+---------------------------------------------+---------------------------------------+
; Resource                                    ; Usage                                 ;
+---------------------------------------------+---------------------------------------+
; Estimated Total logic elements              ; 57                                    ;
;                                             ;                                       ;
; Total combinational functions               ; 57                                    ;
; Logic element usage by number of LUT inputs ;                                       ;
;     -- 4 input functions                    ; 28                                    ;
;     -- 3 input functions                    ; 1                                     ;
;     -- <=2 input functions                  ; 28                                    ;
;                                             ;                                       ;
; Logic elements by mode                      ;                                       ;
;     -- normal mode                          ; 34                                    ;
;     -- arithmetic mode                      ; 23                                    ;
;                                             ;                                       ;
; Total registers                             ; 28                                    ;
;     -- Dedicated logic registers            ; 28                                    ;
;     -- I/O registers                        ; 0                                     ;
;                                             ;                                       ;
; I/O pins                                    ; 61                                    ;
; Embedded Multiplier 9-bit elements          ; 0                                     ;
; Maximum fan-out node                        ; counter:counter1|flipflop:flipflop3|Q ;
; Maximum fan-out                             ; 31                                    ;
; Total fan-out                               ; 255                                   ;
; Average fan-out                             ; 1.75                                  ;
+---------------------------------------------+---------------------------------------+
>>>>>>> 1048efca1d5097151a87ee8c9eb2a68491c709f7


+-----------------------------------------------------------------------------------------------------------------------------------------------------------------------------------------------------------------------------------------------------------------------+
; Analysis & Synthesis Resource Utilization by Entity                                                                                                                                                                                                                   ;
+-------------------------------------------+-------------------+--------------+-------------+--------------+---------+-----------+------+--------------+------------------------------------------------------------------------------------------------+--------------+
; Compilation Hierarchy Node                ; LC Combinationals ; LC Registers ; Memory Bits ; DSP Elements ; DSP 9x9 ; DSP 18x18 ; Pins ; Virtual Pins ; Full Hierarchy Name                                                                            ; Library Name ;
+-------------------------------------------+-------------------+--------------+-------------+--------------+---------+-----------+------+--------------+------------------------------------------------------------------------------------------------+--------------+
<<<<<<< HEAD
; |letter                                   ; 109 (0)           ; 31 (0)       ; 0           ; 0            ; 0       ; 0         ; 61   ; 0            ; |letter                                                                                        ;              ;
;    |adder3:adder3_2|                      ; 1 (0)             ; 0 (0)        ; 0           ; 0            ; 0       ; 0         ; 0    ; 0            ; |letter|adder3:adder3_2                                                                        ;              ;
;       |fulladder:fulladder2|              ; 1 (1)             ; 0 (0)        ; 0           ; 0            ; 0       ; 0         ; 0    ; 0            ; |letter|adder3:adder3_2|fulladder:fulladder2                                                   ;              ;
;    |clock_counter:clock_counter1|         ; 24 (0)            ; 24 (0)       ; 0           ; 0            ; 0       ; 0         ; 0    ; 0            ; |letter|clock_counter:clock_counter1                                                           ;              ;
;       |lpm_counter:LPM_COUNTER_component| ; 24 (0)            ; 24 (0)       ; 0           ; 0            ; 0       ; 0         ; 0    ; 0            ; |letter|clock_counter:clock_counter1|lpm_counter:LPM_COUNTER_component                         ;              ;
;          |cntr_cmh:auto_generated|        ; 24 (24)           ; 24 (24)      ; 0           ; 0            ; 0       ; 0         ; 0    ; 0            ; |letter|clock_counter:clock_counter1|lpm_counter:LPM_COUNTER_component|cntr_cmh:auto_generated ;              ;
;    |counter3:counter2|                    ; 3 (0)             ; 3 (0)        ; 0           ; 0            ; 0       ; 0         ; 0    ; 0            ; |letter|counter3:counter2                                                                      ;              ;
;       |flipflop:flipflop1|                ; 1 (1)             ; 1 (1)        ; 0           ; 0            ; 0       ; 0         ; 0    ; 0            ; |letter|counter3:counter2|flipflop:flipflop1                                                   ;              ;
;       |flipflop:flipflop2|                ; 1 (1)             ; 1 (1)        ; 0           ; 0            ; 0       ; 0         ; 0    ; 0            ; |letter|counter3:counter2|flipflop:flipflop2                                                   ;              ;
;       |flipflop:flipflop3|                ; 1 (1)             ; 1 (1)        ; 0           ; 0            ; 0       ; 0         ; 0    ; 0            ; |letter|counter3:counter2|flipflop:flipflop3                                                   ;              ;
;    |counter4:counter1|                    ; 4 (0)             ; 4 (0)        ; 0           ; 0            ; 0       ; 0         ; 0    ; 0            ; |letter|counter4:counter1                                                                      ;              ;
;       |flipflop:flipflop1|                ; 1 (1)             ; 1 (1)        ; 0           ; 0            ; 0       ; 0         ; 0    ; 0            ; |letter|counter4:counter1|flipflop:flipflop1                                                   ;              ;
;       |flipflop:flipflop2|                ; 1 (1)             ; 1 (1)        ; 0           ; 0            ; 0       ; 0         ; 0    ; 0            ; |letter|counter4:counter1|flipflop:flipflop2                                                   ;              ;
;       |flipflop:flipflop3|                ; 1 (1)             ; 1 (1)        ; 0           ; 0            ; 0       ; 0         ; 0    ; 0            ; |letter|counter4:counter1|flipflop:flipflop3                                                   ;              ;
;       |flipflop:flipflop4|                ; 1 (1)             ; 1 (1)        ; 0           ; 0            ; 0       ; 0         ; 0    ; 0            ; |letter|counter4:counter1|flipflop:flipflop4                                                   ;              ;
;    |decodifier:decodifier1|               ; 18 (18)           ; 0 (0)        ; 0           ; 0            ; 0       ; 0         ; 0    ; 0            ; |letter|decodifier:decodifier1                                                                 ;              ;
;    |decodifier:decodifier2|               ; 19 (19)           ; 0 (0)        ; 0           ; 0            ; 0       ; 0         ; 0    ; 0            ; |letter|decodifier:decodifier2                                                                 ;              ;
;    |decodifier:decodifier3|               ; 19 (19)           ; 0 (0)        ; 0           ; 0            ; 0       ; 0         ; 0    ; 0            ; |letter|decodifier:decodifier3                                                                 ;              ;
;    |decodifier:decodifier4|               ; 20 (20)           ; 0 (0)        ; 0           ; 0            ; 0       ; 0         ; 0    ; 0            ; |letter|decodifier:decodifier4                                                                 ;              ;
=======
; |letter                                   ; 57 (0)            ; 28 (0)       ; 0           ; 0            ; 0       ; 0         ; 61   ; 0            ; |letter                                                                                        ;              ;
;    |clock_counter:clock_counter1|         ; 24 (0)            ; 24 (0)       ; 0           ; 0            ; 0       ; 0         ; 0    ; 0            ; |letter|clock_counter:clock_counter1                                                           ;              ;
;       |lpm_counter:LPM_COUNTER_component| ; 24 (0)            ; 24 (0)       ; 0           ; 0            ; 0       ; 0         ; 0    ; 0            ; |letter|clock_counter:clock_counter1|lpm_counter:LPM_COUNTER_component                         ;              ;
;          |cntr_cmh:auto_generated|        ; 24 (24)           ; 24 (24)      ; 0           ; 0            ; 0       ; 0         ; 0    ; 0            ; |letter|clock_counter:clock_counter1|lpm_counter:LPM_COUNTER_component|cntr_cmh:auto_generated ;              ;
;    |counter:counter1|                     ; 4 (0)             ; 4 (0)        ; 0           ; 0            ; 0       ; 0         ; 0    ; 0            ; |letter|counter:counter1                                                                       ;              ;
;       |flipflop:flipflop1|                ; 1 (1)             ; 1 (1)        ; 0           ; 0            ; 0       ; 0         ; 0    ; 0            ; |letter|counter:counter1|flipflop:flipflop1                                                    ;              ;
;       |flipflop:flipflop2|                ; 1 (1)             ; 1 (1)        ; 0           ; 0            ; 0       ; 0         ; 0    ; 0            ; |letter|counter:counter1|flipflop:flipflop2                                                    ;              ;
;       |flipflop:flipflop3|                ; 1 (1)             ; 1 (1)        ; 0           ; 0            ; 0       ; 0         ; 0    ; 0            ; |letter|counter:counter1|flipflop:flipflop3                                                    ;              ;
;       |flipflop:flipflop4|                ; 1 (1)             ; 1 (1)        ; 0           ; 0            ; 0       ; 0         ; 0    ; 0            ; |letter|counter:counter1|flipflop:flipflop4                                                    ;              ;
;    |decodifier:decodifier1|               ; 7 (7)             ; 0 (0)        ; 0           ; 0            ; 0       ; 0         ; 0    ; 0            ; |letter|decodifier:decodifier1                                                                 ;              ;
;    |decodifier:decodifier2|               ; 7 (7)             ; 0 (0)        ; 0           ; 0            ; 0       ; 0         ; 0    ; 0            ; |letter|decodifier:decodifier2                                                                 ;              ;
;    |decodifier:decodifier3|               ; 7 (7)             ; 0 (0)        ; 0           ; 0            ; 0       ; 0         ; 0    ; 0            ; |letter|decodifier:decodifier3                                                                 ;              ;
;    |decodifier:decodifier4|               ; 7 (7)             ; 0 (0)        ; 0           ; 0            ; 0       ; 0         ; 0    ; 0            ; |letter|decodifier:decodifier4                                                                 ;              ;
>>>>>>> 1048efca1d5097151a87ee8c9eb2a68491c709f7
;    |mux:mux1|                             ; 1 (1)             ; 0 (0)        ; 0           ; 0            ; 0       ; 0         ; 0    ; 0            ; |letter|mux:mux1                                                                               ;              ;
+-------------------------------------------+-------------------+--------------+-------------+--------------+---------+-----------+------+--------------+------------------------------------------------------------------------------------------------+--------------+
Note: For table entries with two numbers listed, the numbers in parentheses indicate the number of resources of the given type used by the specific entity alone. The numbers listed outside of parentheses indicate the total resources of the given type used by the specific entity and all of its sub-entities in the hierarchy.


+------------------------------------------------------------------------------------------------------------------------------------------------------------------+
; Analysis & Synthesis IP Cores Summary                                                                                                                            ;
+--------+--------------+---------+--------------+--------------+--------------------------------------+-----------------------------------------------------------+
; Vendor ; IP Core Name ; Version ; Release Date ; License Type ; Entity Instance                      ; IP Include File                                           ;
+--------+--------------+---------+--------------+--------------+--------------------------------------+-----------------------------------------------------------+
; Altera ; LPM_COUNTER  ; N/A     ; N/A          ; N/A          ; |letter|clock_counter:clock_counter1 ; C:/dev/digital-circuits/letter-fpga/src/clock_counter.vhd ;
+--------+--------------+---------+--------------+--------------+--------------------------------------+-----------------------------------------------------------+


+---------------------------------------------------------------------------------------------------------------------------+
; Registers Removed During Synthesis                                                                                        ;
+------------------------------------------------------------------------------------------------------+--------------------+
; Register name                                                                                        ; Reason for Removal ;
+------------------------------------------------------------------------------------------------------+--------------------+
; clock_counter:clock_counter1|lpm_counter:LPM_COUNTER_component|cntr_cmh:auto_generated|safe_q[24,25] ; Lost fanout        ;
; Total Number of Removed Registers = 2                                                                ;                    ;
+------------------------------------------------------------------------------------------------------+--------------------+


+------------------------------------------------------+
; General Register Statistics                          ;
+----------------------------------------------+-------+
; Statistic                                    ; Value ;
+----------------------------------------------+-------+
<<<<<<< HEAD
; Total registers                              ; 31    ;
=======
; Total registers                              ; 28    ;
>>>>>>> 1048efca1d5097151a87ee8c9eb2a68491c709f7
; Number of registers using Synchronous Clear  ; 0     ;
; Number of registers using Synchronous Load   ; 0     ;
; Number of registers using Asynchronous Clear ; 0     ;
; Number of registers using Asynchronous Load  ; 0     ;
; Number of registers using Clock Enable       ; 0     ;
; Number of registers using Preset             ; 0     ;
+----------------------------------------------+-------+


+------------------------------------------------------------------------------------------------------------------------------------------------------+
; Multiplexer Restructuring Statistics (Restructuring Performed)                                                                                       ;
+--------------------+-----------+---------------+----------------------+------------------------+------------+----------------------------------------+
; Multiplexer Inputs ; Bus Width ; Baseline Area ; Area if Restructured ; Saving if Restructured ; Registered ; Example Multiplexer Output             ;
+--------------------+-----------+---------------+----------------------+------------------------+------------+----------------------------------------+
; 9:1                ; 6 bits    ; 36 LEs        ; 24 LEs               ; 12 LEs                 ; No         ; |letter|decodifier:decodifier1|OTPT[0] ;
; 9:1                ; 6 bits    ; 36 LEs        ; 24 LEs               ; 12 LEs                 ; No         ; |letter|decodifier:decodifier3|OTPT[0] ;
; 9:1                ; 6 bits    ; 36 LEs        ; 24 LEs               ; 12 LEs                 ; No         ; |letter|decodifier:decodifier4|OTPT[0] ;
; 9:1                ; 6 bits    ; 36 LEs        ; 24 LEs               ; 12 LEs                 ; No         ; |letter|decodifier:decodifier2|OTPT[0] ;
+--------------------+-----------+---------------+----------------------+------------------------+------------+----------------------------------------+


+-------------------------------------------------------------------------------------------------------------+
; Parameter Settings for User Entity Instance: clock_counter:clock_counter1|lpm_counter:LPM_COUNTER_component ;
+------------------------+-------------+----------------------------------------------------------------------+
; Parameter Name         ; Value       ; Type                                                                 ;
+------------------------+-------------+----------------------------------------------------------------------+
; AUTO_CARRY_CHAINS      ; ON          ; AUTO_CARRY                                                           ;
; IGNORE_CARRY_BUFFERS   ; OFF         ; IGNORE_CARRY                                                         ;
; AUTO_CASCADE_CHAINS    ; ON          ; AUTO_CASCADE                                                         ;
; IGNORE_CASCADE_BUFFERS ; OFF         ; IGNORE_CASCADE                                                       ;
; LPM_WIDTH              ; 26          ; Signed Integer                                                       ;
; LPM_DIRECTION          ; UP          ; Untyped                                                              ;
; LPM_MODULUS            ; 0           ; Untyped                                                              ;
; LPM_AVALUE             ; UNUSED      ; Untyped                                                              ;
; LPM_SVALUE             ; UNUSED      ; Untyped                                                              ;
; LPM_PORT_UPDOWN        ; PORT_UNUSED ; Untyped                                                              ;
; DEVICE_FAMILY          ; Cyclone II  ; Untyped                                                              ;
; CARRY_CHAIN            ; MANUAL      ; Untyped                                                              ;
; CARRY_CHAIN_LENGTH     ; 48          ; CARRY_CHAIN_LENGTH                                                   ;
; NOT_GATE_PUSH_BACK     ; ON          ; NOT_GATE_PUSH_BACK                                                   ;
; CARRY_CNT_EN           ; SMART       ; Untyped                                                              ;
; LABWIDE_SCLR           ; ON          ; Untyped                                                              ;
; USE_NEW_VERSION        ; TRUE        ; Untyped                                                              ;
; CBXI_PARAMETER         ; cntr_cmh    ; Untyped                                                              ;
+------------------------+-------------+----------------------------------------------------------------------+
Note: In order to hide this table in the UI and the text report file, please set the "Show Parameter Settings in Synthesis Report" option in "Analysis and Synthesis Settings -> More Settings" to "Off".


<<<<<<< HEAD
+---------------------------------------------+
; Port Connectivity Checks: "adder3:adder3_2" ;
+---------+-------+----------+----------------+
; Port    ; Type  ; Severity ; Details        ;
+---------+-------+----------+----------------+
; s[1..0] ; Input ; Info     ; Stuck at VCC   ;
; s[2]    ; Input ; Info     ; Stuck at GND   ;
+---------+-------+----------+----------------+


+---------------------------------------------+
; Port Connectivity Checks: "adder3:adder3_1" ;
+------+-------+----------+-------------------+
; Port ; Type  ; Severity ; Details           ;
+------+-------+----------+-------------------+
; s[2] ; Input ; Info     ; Stuck at GND      ;
; s[1] ; Input ; Info     ; Stuck at VCC      ;
; s[0] ; Input ; Info     ; Stuck at GND      ;
+------+-------+----------+-------------------+


+----------------------------------------------------------------------------------------------------------------+
; Port Connectivity Checks: "adder3:adder3_0|fulladder:fulladder3"                                               ;
=======
+-------------------------------------------+
; Port Connectivity Checks: "adder:adder3"  ;
+---------+-------+----------+--------------+
; Port    ; Type  ; Severity ; Details      ;
+---------+-------+----------+--------------+
; s[1..0] ; Input ; Info     ; Stuck at VCC ;
; s[3..2] ; Input ; Info     ; Stuck at GND ;
+---------+-------+----------+--------------+


+-------------------------------------------+
; Port Connectivity Checks: "adder:adder2"  ;
+---------+-------+----------+--------------+
; Port    ; Type  ; Severity ; Details      ;
+---------+-------+----------+--------------+
; s[3..2] ; Input ; Info     ; Stuck at GND ;
; s[1]    ; Input ; Info     ; Stuck at VCC ;
; s[0]    ; Input ; Info     ; Stuck at GND ;
+---------+-------+----------+--------------+


+----------------------------------------------------------------------------------------------------------------+
; Port Connectivity Checks: "adder:adder1|fulladder:fulladder4"                                                  ;
>>>>>>> 1048efca1d5097151a87ee8c9eb2a68491c709f7
+------+--------+----------+-------------------------------------------------------------------------------------+
; Port ; Type   ; Severity ; Details                                                                             ;
+------+--------+----------+-------------------------------------------------------------------------------------+
; cout ; Output ; Info     ; Connected to dangling logic. Logic that only feeds a dangling port will be removed. ;
+------+--------+----------+-------------------------------------------------------------------------------------+


+------------------------------------------------------------------+
; Port Connectivity Checks: "adder3:adder3_0|fulladder:fulladder1" ;
+------+-------+----------+----------------------------------------+
; Port ; Type  ; Severity ; Details                                ;
+------+-------+----------+----------------------------------------+
; cin  ; Input ; Info     ; Stuck at GND                           ;
+------+-------+----------+----------------------------------------+


<<<<<<< HEAD
+---------------------------------------------+
; Port Connectivity Checks: "adder3:adder3_0" ;
+---------+-------+----------+----------------+
; Port    ; Type  ; Severity ; Details        ;
+---------+-------+----------+----------------+
; s[2..1] ; Input ; Info     ; Stuck at GND   ;
; s[0]    ; Input ; Info     ; Stuck at VCC   ;
+---------+-------+----------+----------------+


+---------------------------------------------+
; Port Connectivity Checks: "adder4:adder4_2" ;
+---------+-------+----------+----------------+
; Port    ; Type  ; Severity ; Details        ;
+---------+-------+----------+----------------+
; s[1..0] ; Input ; Info     ; Stuck at VCC   ;
; s[3..2] ; Input ; Info     ; Stuck at GND   ;
+---------+-------+----------+----------------+


+---------------------------------------------+
; Port Connectivity Checks: "adder4:adder4_1" ;
+---------+-------+----------+----------------+
; Port    ; Type  ; Severity ; Details        ;
+---------+-------+----------+----------------+
; s[3..2] ; Input ; Info     ; Stuck at GND   ;
; s[1]    ; Input ; Info     ; Stuck at VCC   ;
; s[0]    ; Input ; Info     ; Stuck at GND   ;
+---------+-------+----------+----------------+


+----------------------------------------------------------------------------------------------------------------+
; Port Connectivity Checks: "adder4:adder4_0|fulladder:fulladder4"                                               ;
+------+--------+----------+-------------------------------------------------------------------------------------+
; Port ; Type   ; Severity ; Details                                                                             ;
+------+--------+----------+-------------------------------------------------------------------------------------+
; cout ; Output ; Info     ; Connected to dangling logic. Logic that only feeds a dangling port will be removed. ;
+------+--------+----------+-------------------------------------------------------------------------------------+


+------------------------------------------------------------------+
; Port Connectivity Checks: "adder4:adder4_0|fulladder:fulladder1" ;
+------+-------+----------+----------------------------------------+
; Port ; Type  ; Severity ; Details                                ;
+------+-------+----------+----------------------------------------+
; cin  ; Input ; Info     ; Stuck at GND                           ;
+------+-------+----------+----------------------------------------+


+---------------------------------------------+
; Port Connectivity Checks: "adder4:adder4_0" ;
+---------+-------+----------+----------------+
; Port    ; Type  ; Severity ; Details        ;
+---------+-------+----------+----------------+
; s[3..1] ; Input ; Info     ; Stuck at GND   ;
; s[0]    ; Input ; Info     ; Stuck at VCC   ;
+---------+-------+----------+----------------+


+----------------------------------------------------------------------------------------------------------------+
; Port Connectivity Checks: "counter3:counter2|flipflop:flipflop3"                                               ;
=======
+-------------------------------------------+
; Port Connectivity Checks: "adder:adder1"  ;
+---------+-------+----------+--------------+
; Port    ; Type  ; Severity ; Details      ;
+---------+-------+----------+--------------+
; s[3..1] ; Input ; Info     ; Stuck at GND ;
; s[0]    ; Input ; Info     ; Stuck at VCC ;
+---------+-------+----------+--------------+


+----------------------------------------------------------------------------------------------------------------+
; Port Connectivity Checks: "counter:counter1|flipflop:flipflop4"                                                ;
>>>>>>> 1048efca1d5097151a87ee8c9eb2a68491c709f7
+------+--------+----------+-------------------------------------------------------------------------------------+
; Port ; Type   ; Severity ; Details                                                                             ;
+------+--------+----------+-------------------------------------------------------------------------------------+
; j    ; Input  ; Info     ; Stuck at VCC                                                                        ;
; k    ; Input  ; Info     ; Stuck at VCC                                                                        ;
; nq   ; Output ; Info     ; Connected to dangling logic. Logic that only feeds a dangling port will be removed. ;
+------+--------+----------+-------------------------------------------------------------------------------------+


<<<<<<< HEAD
+------------------------------------------------------------------+
; Port Connectivity Checks: "counter3:counter2|flipflop:flipflop2" ;
+------+-------+----------+----------------------------------------+
; Port ; Type  ; Severity ; Details                                ;
+------+-------+----------+----------------------------------------+
; j    ; Input ; Info     ; Stuck at VCC                           ;
; k    ; Input ; Info     ; Stuck at VCC                           ;
+------+-------+----------+----------------------------------------+
=======
+-----------------------------------------------------------------+
; Port Connectivity Checks: "counter:counter1|flipflop:flipflop3" ;
+------+-------+----------+---------------------------------------+
; Port ; Type  ; Severity ; Details                               ;
+------+-------+----------+---------------------------------------+
; j    ; Input ; Info     ; Stuck at VCC                          ;
; k    ; Input ; Info     ; Stuck at VCC                          ;
+------+-------+----------+---------------------------------------+


+-----------------------------------------------------------------+
; Port Connectivity Checks: "counter:counter1|flipflop:flipflop2" ;
+------+-------+----------+---------------------------------------+
; Port ; Type  ; Severity ; Details                               ;
+------+-------+----------+---------------------------------------+
; j    ; Input ; Info     ; Stuck at VCC                          ;
; k    ; Input ; Info     ; Stuck at VCC                          ;
+------+-------+----------+---------------------------------------+
>>>>>>> 1048efca1d5097151a87ee8c9eb2a68491c709f7


+------------------------------------------------------------------+
; Port Connectivity Checks: "counter3:counter2|flipflop:flipflop1" ;
+------+-------+----------+----------------------------------------+
; Port ; Type  ; Severity ; Details                                ;
+------+-------+----------+----------------------------------------+
; j    ; Input ; Info     ; Stuck at VCC                           ;
; k    ; Input ; Info     ; Stuck at VCC                           ;
+------+-------+----------+----------------------------------------+


+----------------------------------------------------------------------------------------------------------------+
; Port Connectivity Checks: "counter4:counter1|flipflop:flipflop4"                                               ;
+------+--------+----------+-------------------------------------------------------------------------------------+
; Port ; Type   ; Severity ; Details                                                                             ;
+------+--------+----------+-------------------------------------------------------------------------------------+
; j    ; Input  ; Info     ; Stuck at VCC                                                                        ;
; k    ; Input  ; Info     ; Stuck at VCC                                                                        ;
; nq   ; Output ; Info     ; Connected to dangling logic. Logic that only feeds a dangling port will be removed. ;
+------+--------+----------+-------------------------------------------------------------------------------------+


+------------------------------------------------------------------+
; Port Connectivity Checks: "counter4:counter1|flipflop:flipflop3" ;
+------+-------+----------+----------------------------------------+
; Port ; Type  ; Severity ; Details                                ;
+------+-------+----------+----------------------------------------+
; j    ; Input ; Info     ; Stuck at VCC                           ;
; k    ; Input ; Info     ; Stuck at VCC                           ;
+------+-------+----------+----------------------------------------+


+------------------------------------------------------------------+
; Port Connectivity Checks: "counter4:counter1|flipflop:flipflop2" ;
+------+-------+----------+----------------------------------------+
; Port ; Type  ; Severity ; Details                                ;
+------+-------+----------+----------------------------------------+
; j    ; Input ; Info     ; Stuck at VCC                           ;
; k    ; Input ; Info     ; Stuck at VCC                           ;
+------+-------+----------+----------------------------------------+


+------------------------------------------------------------------+
; Port Connectivity Checks: "counter4:counter1|flipflop:flipflop1" ;
+------+-------+----------+----------------------------------------+
; Port ; Type  ; Severity ; Details                                ;
+------+-------+----------+----------------------------------------+
; j    ; Input ; Info     ; Stuck at VCC                           ;
; k    ; Input ; Info     ; Stuck at VCC                           ;
+------+-------+----------+----------------------------------------+


+-------------------------------+
; Elapsed Time Per Partition    ;
+----------------+--------------+
; Partition Name ; Elapsed Time ;
+----------------+--------------+
; Top            ; 00:00:00     ;
+----------------+--------------+


+-------------------------------+
; Analysis & Synthesis Messages ;
+-------------------------------+
Info: *******************************************************************
Info: Running Quartus II 64-Bit Analysis & Synthesis
    Info: Version 13.0.0 Build 156 04/24/2013 SJ Web Edition
<<<<<<< HEAD
    Info: Processing started: Wed Nov 29 09:49:58 2023
=======
    Info: Processing started: Thu Nov 23 23:28:02 2023
>>>>>>> 1048efca1d5097151a87ee8c9eb2a68491c709f7
Info: Command: quartus_map --read_settings_files=on --write_settings_files=off letter-fpga -c letter
Warning (20028): Parallel compilation is not licensed and has been disabled
Info (12021): Found 2 design units, including 1 entities, in source file src/adder3.vhd
    Info (12022): Found design unit 1: adder3-adder3_arch
    Info (12023): Found entity 1: adder3
Info (12021): Found 2 design units, including 1 entities, in source file src/counter4.vhd
    Info (12022): Found design unit 1: counter4-counter4_arch
    Info (12023): Found entity 1: counter4
Info (12021): Found 2 design units, including 1 entities, in source file src/clock_counter.vhd
    Info (12022): Found design unit 1: clock_counter-SYN
    Info (12023): Found entity 1: clock_counter
Info (12021): Found 2 design units, including 1 entities, in source file src/letter.vhd
    Info (12022): Found design unit 1: letter-letter_arc
    Info (12023): Found entity 1: letter
Warning (12090): Entity "mux" obtained from "src/mux.vhd" instead of from Quartus II megafunction library
Info (12021): Found 2 design units, including 1 entities, in source file src/mux.vhd
    Info (12022): Found design unit 1: mux-mux_arch
    Info (12023): Found entity 1: mux
Info (12021): Found 2 design units, including 1 entities, in source file src/decodifier.vhd
    Info (12022): Found design unit 1: decodifier-decodifier_arch
    Info (12023): Found entity 1: decodifier
Info (12021): Found 2 design units, including 1 entities, in source file src/flipflop.vhd
    Info (12022): Found design unit 1: flipflop-fliflop_arch
    Info (12023): Found entity 1: flipflop
Info (12021): Found 2 design units, including 1 entities, in source file src/fulladder.vhd
    Info (12022): Found design unit 1: fulladder-fulladder_behav
    Info (12023): Found entity 1: fulladder
Info (12021): Found 2 design units, including 1 entities, in source file src/counter3.vhd
    Info (12022): Found design unit 1: counter3-counter3_arch
    Info (12023): Found entity 1: counter3
Info (12021): Found 2 design units, including 1 entities, in source file src/adder4.vhd
    Info (12022): Found design unit 1: adder4-adder4_arch
    Info (12023): Found entity 1: adder4
Info (12127): Elaborating entity "letter" for the top level hierarchy
Warning (10873): Using initial value X (don't care) for net "LEDR[8..0]" at letter.vhd(13)
Warning (10873): Using initial value X (don't care) for net "LEDG[7..4]" at letter.vhd(14)
Info (12128): Elaborating entity "clock_counter" for hierarchy "clock_counter:clock_counter1"
Info (12128): Elaborating entity "lpm_counter" for hierarchy "clock_counter:clock_counter1|lpm_counter:LPM_COUNTER_component"
Info (12130): Elaborated megafunction instantiation "clock_counter:clock_counter1|lpm_counter:LPM_COUNTER_component"
Info (12133): Instantiated megafunction "clock_counter:clock_counter1|lpm_counter:LPM_COUNTER_component" with the following parameter:
    Info (12134): Parameter "lpm_direction" = "UP"
    Info (12134): Parameter "lpm_port_updown" = "PORT_UNUSED"
    Info (12134): Parameter "lpm_type" = "LPM_COUNTER"
    Info (12134): Parameter "lpm_width" = "26"
Info (12021): Found 1 design units, including 1 entities, in source file db/cntr_cmh.tdf
    Info (12023): Found entity 1: cntr_cmh
Info (12128): Elaborating entity "cntr_cmh" for hierarchy "clock_counter:clock_counter1|lpm_counter:LPM_COUNTER_component|cntr_cmh:auto_generated"
Info (12128): Elaborating entity "mux" for hierarchy "mux:mux1"
<<<<<<< HEAD
Info (12128): Elaborating entity "counter4" for hierarchy "counter4:counter1"
Warning (10036): Verilog HDL or VHDL warning at counter4.vhd(22): object "nQ4" assigned a value but never read
Info (12128): Elaborating entity "flipflop" for hierarchy "counter4:counter1|flipflop:flipflop1"
Info (12128): Elaborating entity "counter3" for hierarchy "counter3:counter2"
Warning (10036): Verilog HDL or VHDL warning at counter3.vhd(22): object "nQ3" assigned a value but never read
Info (12128): Elaborating entity "adder4" for hierarchy "adder4:adder4_0"
Warning (10036): Verilog HDL or VHDL warning at adder4.vhd(23): object "cout4" assigned a value but never read
Info (12128): Elaborating entity "fulladder" for hierarchy "adder4:adder4_0|fulladder:fulladder1"
Info (12128): Elaborating entity "adder3" for hierarchy "adder3:adder3_0"
Warning (10036): Verilog HDL or VHDL warning at adder3.vhd(23): object "cout3" assigned a value but never read
=======
Info (12128): Elaborating entity "counter" for hierarchy "counter:counter1"
Warning (10036): Verilog HDL or VHDL warning at counter.vhd(22): object "nQ4" assigned a value but never read
Info (12128): Elaborating entity "flipflop" for hierarchy "counter:counter1|flipflop:flipflop1"
Info (12128): Elaborating entity "adder" for hierarchy "adder:adder1"
Warning (10036): Verilog HDL or VHDL warning at adder.vhd(23): object "cout4" assigned a value but never read
Info (12128): Elaborating entity "fulladder" for hierarchy "adder:adder1|fulladder:fulladder1"
>>>>>>> 1048efca1d5097151a87ee8c9eb2a68491c709f7
Info (12128): Elaborating entity "decodifier" for hierarchy "decodifier:decodifier1"
Warning (19016): Clock multiplexers are found and protected
    Warning (19017): Found clock multiplexer mux:mux1|OTPT
Warning (13024): Output pins are stuck at VCC or GND
    Warning (13410): Pin "LEDR[0]" is stuck at GND
    Warning (13410): Pin "LEDR[1]" is stuck at GND
    Warning (13410): Pin "LEDR[2]" is stuck at GND
    Warning (13410): Pin "LEDR[3]" is stuck at GND
    Warning (13410): Pin "LEDR[4]" is stuck at GND
    Warning (13410): Pin "LEDR[5]" is stuck at GND
    Warning (13410): Pin "LEDR[6]" is stuck at GND
    Warning (13410): Pin "LEDR[7]" is stuck at GND
    Warning (13410): Pin "LEDR[8]" is stuck at GND
    Warning (13410): Pin "LEDG[4]" is stuck at GND
    Warning (13410): Pin "LEDG[5]" is stuck at GND
    Warning (13410): Pin "LEDG[6]" is stuck at GND
    Warning (13410): Pin "LEDG[7]" is stuck at GND
Info (17049): 2 registers lost all their fanouts during netlist optimizations.
Info (16010): Generating hard_block partition "hard_block:auto_generated_inst"
    Info (16011): Adding 0 node(s), including 0 DDIO, 0 PLL, 0 transceiver and 0 LCELL
Warning (21074): Design contains 11 input pin(s) that do not drive logic
    Warning (15610): No output dependent on input pin "KEY[1]"
    Warning (15610): No output dependent on input pin "KEY[2]"
    Warning (15610): No output dependent on input pin "KEY[3]"
    Warning (15610): No output dependent on input pin "SW[1]"
    Warning (15610): No output dependent on input pin "SW[2]"
    Warning (15610): No output dependent on input pin "SW[3]"
    Warning (15610): No output dependent on input pin "SW[4]"
    Warning (15610): No output dependent on input pin "SW[5]"
    Warning (15610): No output dependent on input pin "SW[6]"
    Warning (15610): No output dependent on input pin "SW[7]"
    Warning (15610): No output dependent on input pin "SW[8]"
<<<<<<< HEAD
Info (21057): Implemented 170 device resources after synthesis - the final resource count might be different
    Info (21058): Implemented 15 input pins
    Info (21059): Implemented 46 output pins
    Info (21061): Implemented 109 logic cells
Info: Quartus II 64-Bit Analysis & Synthesis was successful. 0 errors, 36 warnings
    Info: Peak virtual memory: 4646 megabytes
    Info: Processing ended: Wed Nov 29 09:50:00 2023
=======
    Warning (15610): No output dependent on input pin "SW[9]"
Info (21057): Implemented 118 device resources after synthesis - the final resource count might be different
    Info (21058): Implemented 15 input pins
    Info (21059): Implemented 46 output pins
    Info (21061): Implemented 57 logic cells
Info: Quartus II 64-Bit Analysis & Synthesis was successful. 0 errors, 35 warnings
    Info: Peak virtual memory: 4665 megabytes
    Info: Processing ended: Thu Nov 23 23:28:04 2023
>>>>>>> 1048efca1d5097151a87ee8c9eb2a68491c709f7
    Info: Elapsed time: 00:00:02
    Info: Total CPU time (on all processors): 00:00:02


