Flow report for letter
<<<<<<< HEAD
Wed Nov 29 09:50:10 2023
=======
Thu Nov 23 23:28:16 2023
>>>>>>> 1048efca1d5097151a87ee8c9eb2a68491c709f7
Quartus II 64-Bit Version 13.0.0 Build 156 04/24/2013 SJ Web Edition


---------------------
; Table of Contents ;
---------------------
  1. Legal Notice
  2. Flow Summary
  3. Flow Settings
  4. Flow Non-Default Global Settings
  5. Flow Elapsed Time
  6. Flow OS Summary
  7. Flow Log
  8. Flow Messages
  9. Flow Suppressed Messages



----------------
; Legal Notice ;
----------------
Copyright (C) 1991-2013 Altera Corporation
Your use of Altera Corporation's design tools, logic functions 
and other software and tools, and its AMPP partner logic 
functions, and any output files from any of the foregoing 
(including device programming or simulation files), and any 
associated documentation or information are expressly subject 
to the terms and conditions of the Altera Program License 
Subscription Agreement, Altera MegaCore Function License 
Agreement, or other applicable license agreement, including, 
without limitation, that your use is for the sole purpose of 
programming logic devices manufactured by Altera and sold by 
Altera or its authorized distributors.  Please refer to the 
applicable agreement for further details.



+---------------------------------------------------------------------------------+
; Flow Summary                                                                    ;
+------------------------------------+--------------------------------------------+
<<<<<<< HEAD
; Flow Status                        ; Successful - Wed Nov 29 09:50:10 2023      ;
=======
; Flow Status                        ; Successful - Thu Nov 23 23:28:16 2023      ;
>>>>>>> 1048efca1d5097151a87ee8c9eb2a68491c709f7
; Quartus II 64-Bit Version          ; 13.0.0 Build 156 04/24/2013 SJ Web Edition ;
; Revision Name                      ; letter                                     ;
; Top-level Entity Name              ; letter                                     ;
; Family                             ; Cyclone II                                 ;
; Device                             ; EP2C20F484C7                               ;
; Timing Models                      ; Final                                      ;
<<<<<<< HEAD
; Total logic elements               ; 109 / 18,752 ( < 1 % )                     ;
;     Total combinational functions  ; 109 / 18,752 ( < 1 % )                     ;
;     Dedicated logic registers      ; 31 / 18,752 ( < 1 % )                      ;
; Total registers                    ; 31                                         ;
=======
; Total logic elements               ; 57 / 18,752 ( < 1 % )                      ;
;     Total combinational functions  ; 57 / 18,752 ( < 1 % )                      ;
;     Dedicated logic registers      ; 28 / 18,752 ( < 1 % )                      ;
; Total registers                    ; 28                                         ;
>>>>>>> 1048efca1d5097151a87ee8c9eb2a68491c709f7
; Total pins                         ; 61 / 315 ( 19 % )                          ;
; Total virtual pins                 ; 0                                          ;
; Total memory bits                  ; 0 / 239,616 ( 0 % )                        ;
; Embedded Multiplier 9-bit elements ; 0 / 52 ( 0 % )                             ;
; Total PLLs                         ; 0 / 4 ( 0 % )                              ;
+------------------------------------+--------------------------------------------+


+-----------------------------------------+
; Flow Settings                           ;
+-------------------+---------------------+
; Option            ; Setting             ;
+-------------------+---------------------+
<<<<<<< HEAD
; Start date & time ; 11/29/2023 09:49:58 ;
=======
; Start date & time ; 11/23/2023 23:28:03 ;
>>>>>>> 1048efca1d5097151a87ee8c9eb2a68491c709f7
; Main task         ; Compilation         ;
; Revision Name     ; letter              ;
+-------------------+---------------------+


+----------------------------------------------------------------------------------------------------------------------------+
; Flow Non-Default Global Settings                                                                                           ;
+-------------------------------------+---------------------------------------+---------------+-------------+----------------+
; Assignment Name                     ; Value                                 ; Default Value ; Entity Name ; Section Id     ;
+-------------------------------------+---------------------------------------+---------------+-------------+----------------+
<<<<<<< HEAD
; COMPILER_SIGNATURE_ID               ; 229335799409413.170126219801748       ; --            ; --          ; --             ;
=======
; COMPILER_SIGNATURE_ID               ; 132129497234907.170079288308876       ; --            ; --          ; --             ;
>>>>>>> 1048efca1d5097151a87ee8c9eb2a68491c709f7
; EDA_OUTPUT_DATA_FORMAT              ; Vhdl                                  ; --            ; --          ; eda_simulation ;
; EDA_SIMULATION_TOOL                 ; ModelSim-Altera (VHDL)                ; <None>        ; --          ; --             ;
; MAX_CORE_JUNCTION_TEMP              ; 85                                    ; --            ; --          ; --             ;
; MIN_CORE_JUNCTION_TEMP              ; 0                                     ; --            ; --          ; --             ;
; PARTITION_COLOR                     ; 16764057                              ; --            ; --          ; Top            ;
; PARTITION_FITTER_PRESERVATION_LEVEL ; PLACEMENT_AND_ROUTING                 ; --            ; --          ; Top            ;
; PARTITION_NETLIST_TYPE              ; SOURCE                                ; --            ; --          ; Top            ;
; POWER_BOARD_THERMAL_MODEL           ; None (CONSERVATIVE)                   ; --            ; --          ; --             ;
; POWER_PRESET_COOLING_SOLUTION       ; 23 MM HEAT SINK WITH 200 LFPM AIRFLOW ; --            ; --          ; --             ;
; PROJECT_OUTPUT_DIRECTORY            ; output_files                          ; --            ; --          ; --             ;
+-------------------------------------+---------------------------------------+---------------+-------------+----------------+


+-------------------------------------------------------------------------------------------------------------------------------+
; Flow Elapsed Time                                                                                                             ;
+---------------------------+--------------+-------------------------+---------------------+------------------------------------+
; Module Name               ; Elapsed Time ; Average Processors Used ; Peak Virtual Memory ; Total CPU Time (on all processors) ;
+---------------------------+--------------+-------------------------+---------------------+------------------------------------+
<<<<<<< HEAD
; Analysis & Synthesis      ; 00:00:01     ; 1.0                     ; 4646 MB             ; 00:00:01                           ;
; Fitter                    ; 00:00:05     ; 1.0                     ; 4841 MB             ; 00:00:04                           ;
; Assembler                 ; 00:00:02     ; 1.0                     ; 4557 MB             ; 00:00:01                           ;
; TimeQuest Timing Analyzer ; 00:00:01     ; 1.0                     ; 4540 MB             ; 00:00:01                           ;
; EDA Netlist Writer        ; 00:00:01     ; 1.0                     ; 4508 MB             ; 00:00:00                           ;
; Total                     ; 00:00:10     ; --                      ; --                  ; 00:00:07                           ;
=======
; Analysis & Synthesis      ; 00:00:02     ; 1.0                     ; 4654 MB             ; 00:00:02                           ;
; Fitter                    ; 00:00:05     ; 1.0                     ; 4839 MB             ; 00:00:05                           ;
; Assembler                 ; 00:00:01     ; 1.0                     ; 4541 MB             ; 00:00:01                           ;
; TimeQuest Timing Analyzer ; 00:00:01     ; 1.0                     ; 4540 MB             ; 00:00:01                           ;
; EDA Netlist Writer        ; 00:00:01     ; 1.0                     ; 4507 MB             ; 00:00:01                           ;
; Total                     ; 00:00:10     ; --                      ; --                  ; 00:00:10                           ;
>>>>>>> 1048efca1d5097151a87ee8c9eb2a68491c709f7
+---------------------------+--------------+-------------------------+---------------------+------------------------------------+


+----------------------------------------------------------------------------------------+
; Flow OS Summary                                                                        ;
+---------------------------+------------------+-----------+------------+----------------+
; Module Name               ; Machine Hostname ; OS Name   ; OS Version ; Processor type ;
+---------------------------+------------------+-----------+------------+----------------+
; Analysis & Synthesis      ; CMP-032935       ; Windows 7 ; 6.2        ; x86_64         ;
; Fitter                    ; CMP-032935       ; Windows 7 ; 6.2        ; x86_64         ;
; Assembler                 ; CMP-032935       ; Windows 7 ; 6.2        ; x86_64         ;
; TimeQuest Timing Analyzer ; CMP-032935       ; Windows 7 ; 6.2        ; x86_64         ;
; EDA Netlist Writer        ; CMP-032935       ; Windows 7 ; 6.2        ; x86_64         ;
+---------------------------+------------------+-----------+------------+----------------+


------------
; Flow Log ;
------------
quartus_map --read_settings_files=on --write_settings_files=off letter-fpga -c letter
quartus_fit --read_settings_files=off --write_settings_files=off letter-fpga -c letter
quartus_asm --read_settings_files=off --write_settings_files=off letter-fpga -c letter
quartus_sta letter-fpga -c letter
quartus_eda --read_settings_files=off --write_settings_files=off letter-fpga -c letter



